Flow report for DE2_115_uClinux
Sun Apr  2 09:24:30 2017
Quartus Prime Version 16.1.0 Build 196 10/24/2016 SJ Lite Edition


---------------------
; Table of Contents ;
---------------------
  1. Legal Notice
  2. Flow Summary
  3. Flow Settings
  4. Flow Non-Default Global Settings
  5. Flow Elapsed Time
  6. Flow OS Summary
  7. Flow Log
  8. Flow Messages
  9. Flow Suppressed Messages



----------------
; Legal Notice ;
----------------
Copyright (C) 2016  Intel Corporation. All rights reserved.
Your use of Intel Corporation's design tools, logic functions 
and other software and tools, and its AMPP partner logic 
functions, and any output files from any of the foregoing 
(including device programming or simulation files), and any 
associated documentation or information are expressly subject 
to the terms and conditions of the Intel Program License 
Subscription Agreement, the Intel Quartus Prime License Agreement,
the Intel MegaCore Function License Agreement, or other 
applicable license agreement, including, without limitation, 
that your use is for the sole purpose of programming logic 
devices manufactured by Intel and sold by Intel or its 
authorized distributors.  Please refer to the applicable 
agreement for further details.



+----------------------------------------------------------------------------------+
; Flow Summary                                                                     ;
+------------------------------------+---------------------------------------------+
; Flow Status                        ; Successful - Sun Apr  2 09:24:25 2017       ;
; Quartus Prime Version              ; 16.1.0 Build 196 10/24/2016 SJ Lite Edition ;
; Revision Name                      ; DE2_115_uClinux                             ;
; Top-level Entity Name              ; DE2_115_uClinux                             ;
; Family                             ; Cyclone IV E                                ;
; Device                             ; EP4CE115F29C7                               ;
; Timing Models                      ; Final                                       ;
; Total logic elements               ; 5,730 / 114,480 ( 5 % )                     ;
;     Total combinational functions  ; 5,002 / 114,480 ( 4 % )                     ;
;     Dedicated logic registers      ; 3,669 / 114,480 ( 3 % )                     ;
; Total registers                    ; 3788                                        ;
; Total pins                         ; 60 / 529 ( 11 % )                           ;
; Total virtual pins                 ; 0                                           ;
; Total memory bits                  ; 85,184 / 3,981,312 ( 2 % )                  ;
; Embedded Multiplier 9-bit elements ; 6 / 532 ( 1 % )                             ;
; Total PLLs                         ; 1 / 4 ( 25 % )                              ;
+------------------------------------+---------------------------------------------+


+-----------------------------------------+
; Flow Settings                           ;
+-------------------+---------------------+
; Option            ; Setting             ;
+-------------------+---------------------+
; Start date & time ; 04/02/2017 09:22:54 ;
; Main task         ; Compilation         ;
; Revision Name     ; DE2_115_uClinux     ;
+-------------------+---------------------+


+---------------------------------------------------------------------------------------------------------------------------------------------+
; Flow Non-Default Global Settings                                                                                                            ;
+-------------------------------------+--------------------------------------------------------+---------------+-------------+----------------+
; Assignment Name                     ; Value                                                  ; Default Value ; Entity Name ; Section Id     ;
+-------------------------------------+--------------------------------------------------------+---------------+-------------+----------------+
; COMPILER_SIGNATURE_ID               ; 57185443693448.149111777416336                         ; --            ; --          ; --             ;
; EDA_OUTPUT_DATA_FORMAT              ; None                                                   ; --            ; --          ; eda_simulation ;
; MAX_CORE_JUNCTION_TEMP              ; 85                                                     ; --            ; --          ; --             ;
; MIN_CORE_JUNCTION_TEMP              ; 0                                                      ; --            ; --          ; --             ;
; MISC_FILE                           ; qsys/synthesis/../qsys.cmp                             ; --            ; --          ; --             ;
; MISC_FILE                           ; qsys/synthesis/../../qsys.qsys                         ; --            ; --          ; --             ;
; MISC_FILE                           ; altpll0.bsf                                            ; --            ; --          ; --             ;
; MISC_FILE                           ; altpll0.cmp                                            ; --            ; --          ; --             ;
; MISC_FILE                           ; altpll0.ppf                                            ; --            ; --          ; --             ;
; NOMINAL_CORE_SUPPLY_VOLTAGE         ; 1.2V                                                   ; --            ; --          ; --             ;
; PARTITION_COLOR                     ; -- (Not supported for targeted family)                 ; --            ; --          ; Top            ;
; PARTITION_FITTER_PRESERVATION_LEVEL ; -- (Not supported for targeted family)                 ; --            ; --          ; Top            ;
; PARTITION_NETLIST_TYPE              ; -- (Not supported for targeted family)                 ; --            ; --          ; Top            ;
; POWER_BOARD_THERMAL_MODEL           ; None (CONSERVATIVE)                                    ; --            ; --          ; --             ;
; POWER_PRESET_COOLING_SOLUTION       ; 23 MM HEAT SINK WITH 200 LFPM AIRFLOW                  ; --            ; --          ; --             ;
; PROJECT_OUTPUT_DIRECTORY            ; output_files                                           ; --            ; --          ; --             ;
; SLD_FILE                            ; qsys/synthesis/qsys.regmap                             ; --            ; --          ; --             ;
; SLD_FILE                            ; qsys/synthesis/qsys.debuginfo                          ; --            ; --          ; --             ;
; SLD_INFO                            ; QSYS_NAME qsys HAS_SOPCINFO 1 GENERATION_ID 1491052758 ; --            ; qsys        ; --             ;
; SOPCINFO_FILE                       ; qsys/synthesis/../../qsys.sopcinfo                     ; --            ; --          ; --             ;
; SYNTHESIS_ONLY_QIP                  ; On                                                     ; --            ; --          ; --             ;
+-------------------------------------+--------------------------------------------------------+---------------+-------------+----------------+


+-------------------------------------------------------------------------------------------------------------------------------+
; Flow Elapsed Time                                                                                                             ;
+---------------------------+--------------+-------------------------+---------------------+------------------------------------+
; Module Name               ; Elapsed Time ; Average Processors Used ; Peak Virtual Memory ; Total CPU Time (on all processors) ;
+---------------------------+--------------+-------------------------+---------------------+------------------------------------+
; Analysis & Synthesis      ; 00:00:46     ; 1.0                     ; 1185 MB             ; 00:01:14                           ;
; Fitter                    ; 00:00:35     ; 1.0                     ; 1430 MB             ; 00:00:43                           ;
; Assembler                 ; 00:00:04     ; 1.0                     ; 854 MB              ; 00:00:04                           ;
; TimeQuest Timing Analyzer ; 00:00:04     ; 1.1                     ; 967 MB              ; 00:00:04                           ;
; Total                     ; 00:01:29     ; --                      ; --                  ; 00:02:05                           ;
+---------------------------+--------------+-------------------------+---------------------+------------------------------------+


+---------------------------------------------------------------------------------------------+
; Flow OS Summary                                                                             ;
+---------------------------+------------------+----------------+------------+----------------+
; Module Name               ; Machine Hostname ; OS Name        ; OS Version ; Processor type ;
+---------------------------+------------------+----------------+------------+----------------+
; Analysis & Synthesis      ; 1604             ; Ubuntu 16.04.2 ; 16         ; x86_64         ;
; Fitter                    ; 1604             ; Ubuntu 16.04.2 ; 16         ; x86_64         ;
; Assembler                 ; 1604             ; Ubuntu 16.04.2 ; 16         ; x86_64         ;
; TimeQuest Timing Analyzer ; 1604             ; Ubuntu 16.04.2 ; 16         ; x86_64         ;
+---------------------------+------------------+----------------+------------+----------------+


------------
; Flow Log ;
------------
quartus_map --read_settings_files=on --write_settings_files=off DE2_115_uClinux -c DE2_115_uClinux
quartus_fit --read_settings_files=off --write_settings_files=off DE2_115_uClinux -c DE2_115_uClinux
quartus_asm --read_settings_files=off --write_settings_files=off DE2_115_uClinux -c DE2_115_uClinux
quartus_sta DE2_115_uClinux -c DE2_115_uClinux



